
2023-01-18 22:59:12.119890 |-> Accession :CP005082.1 |-> E-Path gene number :1062 |-> NCBI Coding Seq :4110 |-> Fatched Coding Seq :4158 |-> Fatched CDS Seq :4110 |-> Fatched tRNA Seq :45 |-> Fatched rRNA Seq :3 |-> Fatched NEG Seq :3096 |-> Fatched EG Seq :1062
2023-01-18 23:13:32.869423 |-> Accession :CP002883.1 |-> E-Path gene number :1073 |-> NCBI Coding Seq :4139 |-> Fatched Coding Seq :4187 |-> Fatched CDS Seq :4139 |-> Fatched tRNA Seq :45 |-> Fatched rRNA Seq :3 |-> Fatched NEG Seq :3114 |-> Fatched EG Seq :1073
2023-01-18 23:28:59.182482 |-> Accession :CP002882.1 |-> E-Path gene number :1077 |-> NCBI Coding Seq :4794820 |-> Fatched Coding Seq :4197 |-> Fatched CDS Seq :4149 |-> Fatched tRNA Seq :45 |-> Fatched rRNA Seq :3 |-> Fatched NEG Seq :3117 |-> Fatched EG Seq :1077
2023-01-18 23:42:53.997085 |-> Accession :CP005386.1 |-> E-Path gene number :891 |-> NCBI Coding Seq :3960 |-> Fatched Coding Seq :4008 |-> Fatched CDS Seq :3960 |-> Fatched tRNA Seq :45 |-> Fatched rRNA Seq :3 |-> Fatched NEG Seq :3117 |-> Fatched EG Seq :890
2023-01-18 23:55:18.422301 |-> Accession :CP001641.1 |-> E-Path gene number :1049 |-> NCBI Coding Seq :4473801 |-> Fatched Coding Seq :3695 |-> Fatched CDS Seq :3647 |-> Fatched tRNA Seq :45 |-> Fatched rRNA Seq :3 |-> Fatched NEG Seq :2640 |-> Fatched EG Seq :1049
2023-01-19 00:10:52.369661 |-> Accession :AE000516.2 |-> E-Path gene number :1017 |-> NCBI Coding Seq :4189 |-> Fatched Coding Seq :4189 |-> Fatched CDS Seq :4189 |-> Fatched tRNA Seq :0 |-> Fatched rRNA Seq :0 |-> Fatched NEG Seq :3172 |-> Fatched EG Seq :1017
2023-01-19 00:24:04.123512 |-> Accession :CP001642.1 |-> E-Path gene number :1031 |-> NCBI Coding Seq :3591 |-> Fatched Coding Seq :3639 |-> Fatched CDS Seq :3591 |-> Fatched tRNA Seq :45 |-> Fatched rRNA Seq :3 |-> Fatched NEG Seq :2608 |-> Fatched EG Seq :1031
2023-01-19 00:39:55.598245 |-> Accession :CP002992.1 |-> E-Path gene number :1069 |-> NCBI Coding Seq :3946 |-> Fatched Coding Seq :3994 |-> Fatched CDS Seq :3946 |-> Fatched tRNA Seq :45 |-> Fatched rRNA Seq :3 |-> Fatched NEG Seq :2925 |-> Fatched EG Seq :1069
2023-01-19 00:55:08.154337 |-> Accession :CP005387.1 |-> E-Path gene number :1048 |-> NCBI Coding Seq :4019 |-> Fatched Coding Seq :4067 |-> Fatched CDS Seq :4019 |-> Fatched tRNA Seq :45 |-> Fatched rRNA Seq :3 |-> Fatched NEG Seq :3019 |-> Fatched EG Seq :1048
2023-01-19 01:08:14.468661 |-> Accession :CP006578.1 |-> E-Path gene number :1053 |-> NCBI Coding Seq :3902 |-> Fatched Coding Seq :3950 |-> Fatched CDS Seq :3902 |-> Fatched tRNA Seq :45 |-> Fatched rRNA Seq :3 |-> Fatched NEG Seq :2897 |-> Fatched EG Seq :1053
2023-01-19 01:22:37.516195 |-> Accession :AP012340.1 |-> E-Path gene number :1068 |-> NCBI Coding Seq :4246 |-> Fatched Coding Seq :4301 |-> Fatched CDS Seq :4246 |-> Fatched tRNA Seq :52 |-> Fatched rRNA Seq :3 |-> Fatched NEG Seq :3233 |-> Fatched EG Seq :1068
2023-01-19 01:36:18.639123 |-> Accession :CP001664.1 |-> E-Path gene number :1075 |-> NCBI Coding Seq :4036 |-> Fatched Coding Seq :4084 |-> Fatched CDS Seq :4036 |-> Fatched tRNA Seq :45 |-> Fatched rRNA Seq :3 |-> Fatched NEG Seq :3062 |-> Fatched EG Seq :1075
2023-01-19 01:48:35.745859 |-> Accession :CP004886.1 |-> E-Path gene number :844 |-> NCBI Coding Seq :3681 |-> Fatched Coding Seq :3730 |-> Fatched CDS Seq :3681 |-> Fatched tRNA Seq :45 |-> Fatched rRNA Seq :4 |-> Fatched NEG Seq :2886 |-> Fatched EG Seq :843
2023-01-19 02:02:51.679775 |-> Accession :CP002871.1 |-> E-Path gene number :1074 |-> NCBI Coding Seq :4151 |-> Fatched Coding Seq :4199 |-> Fatched CDS Seq :4151 |-> Fatched tRNA Seq :45 |-> Fatched rRNA Seq :3 |-> Fatched NEG Seq :3125 |-> Fatched EG Seq :1074
2023-01-19 02:17:03.991855 |-> Accession :CP001658.1 |-> E-Path gene number :1078 |-> NCBI Coding Seq :4060 |-> Fatched Coding Seq :4108 |-> Fatched CDS Seq :4060 |-> Fatched tRNA Seq :45 |-> Fatched rRNA Seq :3 |-> Fatched NEG Seq :3030 |-> Fatched EG Seq :1078
2023-01-19 02:32:04.008892 |-> Accession :CP001662.1 |-> E-Path gene number :1076 |-> NCBI Coding Seq :3996 |-> Fatched Coding Seq :4044 |-> Fatched CDS Seq :3996 |-> Fatched tRNA Seq :45 |-> Fatched rRNA Seq :3 |-> Fatched NEG Seq :2968 |-> Fatched EG Seq :1076
2023-01-19 02:51:21.208232 |-> Accession :CP001976.1 |-> E-Path gene number :1063 |-> NCBI Coding Seq :4002 |-> Fatched Coding Seq :4050 |-> Fatched CDS Seq :4002 |-> Fatched tRNA Seq :45 |-> Fatched rRNA Seq :3 |-> Fatched NEG Seq :2987 |-> Fatched EG Seq :1063
2023-01-19 03:13:04.012358 |-> Accession :HE663067.1 |-> E-Path gene number :1074 |-> NCBI Coding Seq :3994 |-> Fatched Coding Seq :4042 |-> Fatched CDS Seq :3994 |-> Fatched tRNA Seq :45 |-> Fatched rRNA Seq :3 |-> Fatched NEG Seq :2968 |-> Fatched EG Seq :1074
2023-01-19 03:34:37.998206 |-> Accession :CP003233.1 |-> E-Path gene number :910 |-> NCBI Coding Seq :3691 |-> Fatched Coding Seq :3739 |-> Fatched CDS Seq :3691 |-> Fatched tRNA Seq :45 |-> Fatched rRNA Seq :3 |-> Fatched NEG Seq :2829 |-> Fatched EG Seq :910
2023-01-19 03:56:29.016207 |-> Accession :CP003234.1 |-> E-Path gene number :872 |-> NCBI Coding Seq :3622 |-> Fatched Coding Seq :3670 |-> Fatched CDS Seq :3622 |-> Fatched tRNA Seq :45 |-> Fatched rRNA Seq :3 |-> Fatched NEG Seq :2798 |-> Fatched EG Seq :872
2023-01-19 04:25:04.492842 |-> Accession :NZ_LR027516.1 |-> E-Path gene number :0 |-> NCBI Coding Seq :4858001 |-> Fatched Coding Seq :4151 |-> Fatched CDS Seq :4103 |-> Fatched tRNA Seq :45 |-> Fatched rRNA Seq :3 |-> Fatched NEG Seq :4145 |-> Fatched EG Seq :0