
[2023-01-18 00:29:23.674957] >> [CP005082.1] :: Downloading total sqeuence
[2023-01-18 00:29:34.677388] >> [CP005082.1] :: Writing total sequence
[2023-01-18 00:29:34.759418] >> [CP005082.1] :: Fatchting encoded sequence
[2023-01-18 00:29:42.983274] >> [CP005082.1] :: Custom view updated
[2023-01-18 00:29:42.988606] >> [CP005082.1] :: Downloading encoded sqeuence
[2023-01-18 00:30:38.511074] >> [CP005082.1] :: Writing encoded sequence
[2023-01-18 00:36:22.300588] >> [CP005082.1] :: Downloading total sqeuence
[2023-01-18 00:36:33.351003] >> [CP005082.1] :: Writing total sequence
[2023-01-18 00:36:33.397621] >> [CP005082.1] :: Fatchting encoded sequence
[2023-01-18 00:36:41.552807] >> [CP005082.1] :: Custom view updated
[2023-01-18 00:36:41.574206] >> [CP005082.1] :: Downloading encoded sqeuence
[2023-01-18 00:37:42.995786] >> [CP005082.1] :: Writing encoded sequence
[2023-01-18 00:59:18.451326] >> [CP005082.1] :: Downloading total sqeuence
[2023-01-18 00:59:34.216421] >> [CP005082.1] :: Writing total sequence
[2023-01-18 00:59:34.511816] >> [CP005082.1] :: Fatchting encoded sequence
[2023-01-18 00:59:44.281034] >> [CP005082.1] :: Custom view updated
[2023-01-18 00:59:44.289159] >> [CP005082.1] :: Downloading encoded sqeuence
[2023-01-18 01:00:46.812010] >> [CP005082.1] :: Writing encoded sequence
[2023-01-18 01:20:43.795012] >> [CP005082.1] :: Downloading total sqeuence
[2023-01-18 01:20:52.873279] >> [CP005082.1] :: Writing total sequence
[2023-01-18 01:20:52.931134] >> [CP005082.1] :: Fatchting encoded sequence
[2023-01-18 01:21:00.634122] >> [CP005082.1] :: Custom view updated
[2023-01-18 01:21:00.647505] >> [CP005082.1] :: Downloading encoded sqeuence
[2023-01-18 01:21:58.148187] >> [CP005082.1] :: Writing encoded sequence
[2023-01-18 20:27:06.980354] >> [CP005082.1] :: Downloading total sqeuence
[2023-01-18 20:27:18.370991] >> [CP005082.1] :: Writing total sequence
[2023-01-18 20:27:18.414298] >> [CP005082.1] :: Fatchting encoded sequence
[2023-01-18 20:27:27.026101] >> [CP005082.1] :: Custom view updated
[2023-01-18 20:27:27.042550] >> [CP005082.1] :: Downloading encoded sqeuence
[2023-01-18 20:28:22.582039] >> [CP005082.1] :: Writing encoded sequence
[2023-01-18 20:40:36.162747] >> [CP002883.1] :: Downloading total sqeuence
[2023-01-18 20:40:49.087740] >> [CP002883.1] :: Writing total sequence
[2023-01-18 20:40:49.123040] >> [CP002883.1] :: Fatchting encoded sequence
[2023-01-18 20:40:57.220527] >> [CP002883.1] :: Custom view updated
[2023-01-18 20:40:57.222067] >> [CP002883.1] :: Downloading encoded sqeuence
[2023-01-18 20:42:04.108202] >> [CP002883.1] :: Writing encoded sequence
[2023-01-18 20:56:14.589609] >> [CP002882.1] :: Downloading total sqeuence
[2023-01-18 20:56:25.393648] >> [CP002882.1] :: Writing total sequence
[2023-01-18 20:56:25.431667] >> [CP002882.1] :: Fatchting encoded sequence
[2023-01-18 20:56:33.921537] >> [CP002882.1] :: Custom view updated
[2023-01-18 20:56:33.923543] >> [CP002882.1] :: Downloading encoded sqeuence
[2023-01-18 20:57:32.326000] >> [CP002882.1] :: Writing encoded sequence
[2023-01-18 21:08:15.926396] >> [CP005082.1] :: Downloading total sqeuence
[2023-01-18 21:08:30.866259] >> [CP005082.1] :: Writing total sequence
[2023-01-18 21:08:30.903248] >> [CP005082.1] :: Fatchting encoded sequence
[2023-01-18 21:08:39.148890] >> [CP005082.1] :: Custom view updated
[2023-01-18 21:08:39.150446] >> [CP005082.1] :: Downloading encoded sqeuence
[2023-01-18 21:09:53.689100] >> [CP005082.1] :: Writing encoded sequence
[2023-01-18 21:21:26.909182] >> [CP002883.1] :: Downloading total sqeuence
[2023-01-18 21:21:45.890384] >> [CP002883.1] :: Writing total sequence
[2023-01-18 21:21:45.924297] >> [CP002883.1] :: Fatchting encoded sequence
[2023-01-18 21:21:54.457918] >> [CP002883.1] :: Custom view updated
[2023-01-18 21:21:54.458923] >> [CP002883.1] :: Downloading encoded sqeuence
[2023-01-18 21:22:55.890158] >> [CP002883.1] :: Writing encoded sequence
[2023-01-18 21:31:31.112379] >> [CP005082.1] :: Downloading total sqeuence
[2023-01-18 21:31:40.066313] >> [CP005082.1] :: Writing total sequence
[2023-01-18 21:31:40.101275] >> [CP005082.1] :: Fatchting encoded sequence
[2023-01-18 21:31:49.496518] >> [CP005082.1] :: Custom view updated
[2023-01-18 21:31:49.498333] >> [CP005082.1] :: Downloading encoded sqeuence
[2023-01-18 21:32:59.614541] >> [CP005082.1] :: Writing encoded sequence
[2023-01-18 21:44:49.546120] >> [CP002883.1] :: Downloading total sqeuence
[2023-01-18 21:45:00.349367] >> [CP002883.1] :: Writing total sequence
[2023-01-18 21:45:00.385461] >> [CP002883.1] :: Fatchting encoded sequence
[2023-01-18 21:45:09.189731] >> [CP002883.1] :: Custom view updated
[2023-01-18 21:45:09.191282] >> [CP002883.1] :: Downloading encoded sqeuence
[2023-01-18 21:46:04.579798] >> [CP002883.1] :: Writing encoded sequence
[2023-01-18 21:59:23.139421] >> [CP002882.1] :: Downloading total sqeuence
[2023-01-18 21:59:34.083925] >> [CP002882.1] :: Writing total sequence
[2023-01-18 21:59:34.124791] >> [CP002882.1] :: Fatchting encoded sequence
[2023-01-18 21:59:43.256776] >> [CP002882.1] :: Custom view updated
[2023-01-18 21:59:43.258262] >> [CP002882.1] :: Downloading encoded sqeuence
[2023-01-18 22:00:37.687210] >> [CP002882.1] :: Writing encoded sequence
[2023-01-18 22:11:11.534524] >> [CP005386.1] :: Downloading total sqeuence
[2023-01-18 22:11:22.791837] >> [CP005386.1] :: Writing total sequence
[2023-01-18 22:11:22.827089] >> [CP005386.1] :: Fatchting encoded sequence
[2023-01-18 22:11:31.416180] >> [CP005386.1] :: Custom view updated
[2023-01-18 22:11:31.418699] >> [CP005386.1] :: Downloading encoded sqeuence
[2023-01-18 22:12:24.246368] >> [CP005386.1] :: Writing encoded sequence
[2023-01-18 22:25:50.076020] >> [CP001641.1] :: Downloading total sqeuence
[2023-01-18 22:26:05.821877] >> [CP001641.1] :: Writing total sequence
[2023-01-18 22:26:06.000123] >> [CP001641.1] :: Fatchting encoded sequence
[2023-01-18 22:26:14.389686] >> [CP001641.1] :: Custom view updated
[2023-01-18 22:26:14.414076] >> [CP001641.1] :: Downloading encoded sqeuence
[2023-01-18 22:27:11.199958] >> [CP001641.1] :: Writing encoded sequence
[2023-01-18 22:38:38.478199] >> [AE000516.2] :: Downloading total sqeuence
[2023-01-18 22:38:47.285474] >> [AE000516.2] :: Writing total sequence
[2023-01-18 22:38:47.330015] >> [AE000516.2] :: Fatchting encoded sequence
[2023-01-18 22:38:55.349549] >> [AE000516.2] :: Custom view updated
[2023-01-18 22:38:55.369079] >> [AE000516.2] :: Downloading encoded sqeuence
[2023-01-18 22:39:59.606528] >> [AE000516.2] :: Writing encoded sequence
[2023-01-18 22:46:15.360696] >> [CP005082.1] :: Downloading total sqeuence
[2023-01-18 22:46:24.415679] >> [CP005082.1] :: Writing total sequence
[2023-01-18 22:46:24.475924] >> [CP005082.1] :: Fatchting encoded sequence
[2023-01-18 22:46:32.108473] >> [CP005082.1] :: Custom view updated
[2023-01-18 22:46:32.126759] >> [CP005082.1] :: Downloading encoded sqeuence
[2023-01-18 22:47:29.724297] >> [CP005082.1] :: Writing encoded sequence
[2023-01-18 22:59:22.996991] >> [CP002883.1] :: Downloading total sqeuence
[2023-01-18 22:59:40.161768] >> [CP002883.1] :: Writing total sequence
[2023-01-18 22:59:40.204968] >> [CP002883.1] :: Fatchting encoded sequence
[2023-01-18 22:59:48.780437] >> [CP002883.1] :: Custom view updated
[2023-01-18 22:59:48.802826] >> [CP002883.1] :: Downloading encoded sqeuence
[2023-01-18 23:00:52.152637] >> [CP002883.1] :: Writing encoded sequence
[2023-01-18 23:13:43.388684] >> [CP002882.1] :: Downloading total sqeuence
[2023-01-18 23:13:56.718975] >> [CP002882.1] :: Writing total sequence
[2023-01-18 23:13:56.793993] >> [CP002882.1] :: Fatchting encoded sequence
[2023-01-18 23:14:05.400706] >> [CP002882.1] :: Custom view updated
[2023-01-18 23:14:05.407884] >> [CP002882.1] :: Downloading encoded sqeuence
[2023-01-18 23:15:06.671849] >> [CP002882.1] :: Writing encoded sequence
[2023-01-18 23:29:10.257572] >> [CP005386.1] :: Downloading total sqeuence
[2023-01-18 23:29:19.398872] >> [CP005386.1] :: Writing total sequence
[2023-01-18 23:29:19.481415] >> [CP005386.1] :: Fatchting encoded sequence
[2023-01-18 23:29:27.291963] >> [CP005386.1] :: Custom view updated
[2023-01-18 23:29:27.299598] >> [CP005386.1] :: Downloading encoded sqeuence
[2023-01-18 23:30:19.559880] >> [CP005386.1] :: Writing encoded sequence
[2023-01-18 23:43:05.036349] >> [CP001641.1] :: Downloading total sqeuence
[2023-01-18 23:43:16.427072] >> [CP001641.1] :: Writing total sequence
[2023-01-18 23:43:16.511499] >> [CP001641.1] :: Fatchting encoded sequence
[2023-01-18 23:43:24.916210] >> [CP001641.1] :: Custom view updated
[2023-01-18 23:43:24.922336] >> [CP001641.1] :: Downloading encoded sqeuence
[2023-01-18 23:44:24.098074] >> [CP001641.1] :: Writing encoded sequence
[2023-01-18 23:55:29.862205] >> [AE000516.2] :: Downloading total sqeuence
[2023-01-18 23:55:43.467598] >> [AE000516.2] :: Writing total sequence
[2023-01-18 23:55:43.553589] >> [AE000516.2] :: Fatchting encoded sequence
[2023-01-18 23:55:52.145681] >> [AE000516.2] :: Custom view updated
[2023-01-18 23:55:52.167904] >> [AE000516.2] :: Downloading encoded sqeuence
[2023-01-18 23:56:54.944609] >> [AE000516.2] :: Writing encoded sequence
[2023-01-19 00:11:02.854826] >> [CP001642.1] :: Downloading total sqeuence
[2023-01-19 00:11:16.028526] >> [CP001642.1] :: Writing total sequence
[2023-01-19 00:11:16.079257] >> [CP001642.1] :: Fatchting encoded sequence
[2023-01-19 00:11:24.286946] >> [CP001642.1] :: Custom view updated
[2023-01-19 00:11:24.297292] >> [CP001642.1] :: Downloading encoded sqeuence
[2023-01-19 00:12:14.803369] >> [CP001642.1] :: Writing encoded sequence
[2023-01-19 00:24:15.456854] >> [CP002992.1] :: Downloading total sqeuence
[2023-01-19 00:24:26.484889] >> [CP002992.1] :: Writing total sequence
[2023-01-19 00:24:26.549105] >> [CP002992.1] :: Fatchting encoded sequence
[2023-01-19 00:24:34.884414] >> [CP002992.1] :: Custom view updated
[2023-01-19 00:24:34.906621] >> [CP002992.1] :: Downloading encoded sqeuence
[2023-01-19 00:25:32.400748] >> [CP002992.1] :: Writing encoded sequence
[2023-01-19 00:40:11.849727] >> [CP005387.1] :: Downloading total sqeuence
[2023-01-19 00:40:23.221227] >> [CP005387.1] :: Writing total sequence
[2023-01-19 00:40:23.381780] >> [CP005387.1] :: Fatchting encoded sequence
[2023-01-19 00:40:32.042882] >> [CP005387.1] :: Custom view updated
[2023-01-19 00:40:32.057806] >> [CP005387.1] :: Downloading encoded sqeuence
[2023-01-19 00:41:37.497444] >> [CP005387.1] :: Writing encoded sequence
[2023-01-19 00:55:19.207423] >> [CP006578.1] :: Downloading total sqeuence
[2023-01-19 00:55:32.424739] >> [CP006578.1] :: Writing total sequence
[2023-01-19 00:55:32.475565] >> [CP006578.1] :: Fatchting encoded sequence
[2023-01-19 00:55:41.204040] >> [CP006578.1] :: Custom view updated
[2023-01-19 00:55:41.222856] >> [CP006578.1] :: Downloading encoded sqeuence
[2023-01-19 00:56:44.573513] >> [CP006578.1] :: Writing encoded sequence
[2023-01-19 01:08:25.604582] >> [AP012340.1] :: Downloading total sqeuence
[2023-01-19 01:08:36.714186] >> [AP012340.1] :: Writing total sequence
[2023-01-19 01:08:36.763433] >> [AP012340.1] :: Fatchting encoded sequence
[2023-01-19 01:08:45.169339] >> [AP012340.1] :: Custom view updated
[2023-01-19 01:08:45.189754] >> [AP012340.1] :: Downloading encoded sqeuence
[2023-01-19 01:09:45.574456] >> [AP012340.1] :: Writing encoded sequence
[2023-01-19 01:22:49.447125] >> [CP001664.1] :: Downloading total sqeuence
[2023-01-19 01:23:00.940821] >> [CP001664.1] :: Writing total sequence
[2023-01-19 01:23:01.024333] >> [CP001664.1] :: Fatchting encoded sequence
[2023-01-19 01:23:09.396799] >> [CP001664.1] :: Custom view updated
[2023-01-19 01:23:09.424191] >> [CP001664.1] :: Downloading encoded sqeuence
[2023-01-19 01:24:15.727240] >> [CP001664.1] :: Writing encoded sequence
[2023-01-19 01:36:29.566557] >> [CP004886.1] :: Downloading total sqeuence
[2023-01-19 01:36:40.680581] >> [CP004886.1] :: Writing total sequence
[2023-01-19 01:36:40.732032] >> [CP004886.1] :: Fatchting encoded sequence
[2023-01-19 01:36:49.092751] >> [CP004886.1] :: Custom view updated
[2023-01-19 01:36:49.219950] >> [CP004886.1] :: Downloading encoded sqeuence
[2023-01-19 01:37:38.736182] >> [CP004886.1] :: Writing encoded sequence
[2023-01-19 01:48:46.250752] >> [CP002871.1] :: Downloading total sqeuence
[2023-01-19 01:48:55.108600] >> [CP002871.1] :: Writing total sequence
[2023-01-19 01:48:55.196518] >> [CP002871.1] :: Fatchting encoded sequence
[2023-01-19 01:49:02.993562] >> [CP002871.1] :: Custom view updated
[2023-01-19 01:49:03.022569] >> [CP002871.1] :: Downloading encoded sqeuence
[2023-01-19 01:50:10.665380] >> [CP002871.1] :: Writing encoded sequence
[2023-01-19 02:03:02.807096] >> [CP001658.1] :: Downloading total sqeuence
[2023-01-19 02:03:15.702537] >> [CP001658.1] :: Writing total sequence
[2023-01-19 02:03:15.747849] >> [CP001658.1] :: Fatchting encoded sequence
[2023-01-19 02:03:24.383608] >> [CP001658.1] :: Custom view updated
[2023-01-19 02:03:24.391553] >> [CP001658.1] :: Downloading encoded sqeuence
[2023-01-19 02:04:33.036857] >> [CP001658.1] :: Writing encoded sequence
[2023-01-19 02:17:15.240001] >> [CP001662.1] :: Downloading total sqeuence
[2023-01-19 02:17:28.294781] >> [CP001662.1] :: Writing total sequence
[2023-01-19 02:17:28.336704] >> [CP001662.1] :: Fatchting encoded sequence
[2023-01-19 02:17:39.920919] >> [CP001662.1] :: Custom view updated
[2023-01-19 02:17:39.945283] >> [CP001662.1] :: Downloading encoded sqeuence
[2023-01-19 02:18:37.841769] >> [CP001662.1] :: Writing encoded sequence
[2023-01-19 02:32:14.963807] >> [CP001976.1] :: Downloading total sqeuence
[2023-01-19 02:32:26.172017] >> [CP001976.1] :: Writing total sequence
[2023-01-19 02:32:26.215013] >> [CP001976.1] :: Fatchting encoded sequence
[2023-01-19 02:32:34.796247] >> [CP001976.1] :: Custom view updated
[2023-01-19 02:32:34.807737] >> [CP001976.1] :: Downloading encoded sqeuence
[2023-01-19 02:33:35.353018] >> [CP001976.1] :: Writing encoded sequence
[2023-01-19 02:51:33.418459] >> [HE663067.1] :: Downloading total sqeuence
[2023-01-19 02:51:44.697441] >> [HE663067.1] :: Writing total sequence
[2023-01-19 02:51:44.779664] >> [HE663067.1] :: Fatchting encoded sequence
[2023-01-19 02:51:54.507466] >> [HE663067.1] :: Custom view updated
[2023-01-19 02:51:54.516773] >> [HE663067.1] :: Downloading encoded sqeuence
[2023-01-19 02:52:57.116961] >> [HE663067.1] :: Writing encoded sequence
[2023-01-19 03:13:22.063437] >> [CP003233.1] :: Downloading total sqeuence
[2023-01-19 03:13:34.797217] >> [CP003233.1] :: Writing total sequence
[2023-01-19 03:13:34.907656] >> [CP003233.1] :: Fatchting encoded sequence
[2023-01-19 03:13:45.251508] >> [CP003233.1] :: Custom view updated
[2023-01-19 03:13:45.278418] >> [CP003233.1] :: Downloading encoded sqeuence
[2023-01-19 03:15:04.740212] >> [CP003233.1] :: Writing encoded sequence
[2023-01-19 03:34:51.290663] >> [CP003234.1] :: Downloading total sqeuence
[2023-01-19 03:35:05.841938] >> [CP003234.1] :: Writing total sequence
[2023-01-19 03:35:06.144751] >> [CP003234.1] :: Fatchting encoded sequence
[2023-01-19 03:35:15.388912] >> [CP003234.1] :: Custom view updated
[2023-01-19 03:35:15.422490] >> [CP003234.1] :: Downloading encoded sqeuence
[2023-01-19 03:36:28.038673] >> [CP003234.1] :: Writing encoded sequence
[2023-01-19 03:56:41.373400] >> [NZ_LR027516.1] :: Downloading total sqeuence
[2023-01-19 03:57:00.739163] >> [NZ_LR027516.1] :: Writing total sequence
[2023-01-19 03:57:00.853190] >> [NZ_LR027516.1] :: Fatchting encoded sequence
[2023-01-19 03:57:10.857329] >> [NZ_LR027516.1] :: Custom view updated
[2023-01-19 03:57:10.883414] >> [NZ_LR027516.1] :: Downloading encoded sqeuence
[2023-01-19 03:58:45.690259] >> [NZ_LR027516.1] :: Writing encoded sequence
[2023-01-22 04:41:46.507893] >> [CP005082.1] :: Downloading total sqeuence
[2023-02-18 01:17:31.464829] >> [CP005082.1] :: Downloading total sqeuence
[2023-02-18 01:17:59.295887] >> [CP005082.1] :: Writing total sequence
[2023-02-18 01:17:59.556973] >> [CP005082.1] :: Fatchting encoded sequence
[2023-02-18 01:18:12.153226] >> [CP005082.1] :: Custom view updated
[2023-02-18 01:18:12.205942] >> [CP005082.1] :: Downloading encoded sqeuence